# JRE version: OpenJDK Runtime Environment (11.0.10) (build 11.0.10+0-b96-7249189)
# Java VM: OpenJDK 64-Bit Server VM (11.0.10+0-b96-7249189, mixed mode, tiered, compressed oops, g1 gc, windows-amd64)
Heap:
 garbage-first heap   total 548864K, used 137672K [0x0000000080000000, 0x0000000100000000)
  region size 1024K, 19 young (19456K), 19 survivors (19456K)
 Metaspace       used 100964K, capacity 103596K, committed 103884K, reserved 1138688K
  class space    used 12814K, capacity 13840K, committed 14028K, reserved 1048576K
GC Heap History (20 events):
Event: 22.464 GC heap after
{Heap after GC invocations=43 (full 0):
 garbage-first heap   total 336896K, used 122690K [0x0000000080000000, 0x0000000100000000)
  region size 1024K, 11 young (11264K), 11 survivors (11264K)
 Metaspace       used 99839K, capacity 102349K, committed 102732K, reserved 1138688K
  class space    used 12737K, capacity 13698K, committed 13900K, reserved 1048576K
}
Event: 22.717 GC heap before
{Heap before GC invocations=43 (full 0):
 garbage-first heap   total 336896K, used 280386K [0x0000000080000000, 0x0000000100000000)
  region size 1024K, 165 young (168960K), 11 survivors (11264K)
 Metaspace       used 100007K, capacity 102575K, committed 102988K, reserved 1138688K
  class space    used 12742K, capacity 13706K, committed 13900K, reserved 1048576K
}
Event: 22.728 GC heap after
{Heap after GC invocations=44 (full 0):
 garbage-first heap   total 336896K, used 123069K [0x0000000080000000, 0x0000000100000000)
  region size 1024K, 11 young (11264K), 11 survivors (11264K)
 Metaspace       used 100007K, capacity 102575K, committed 102988K, reserved 1138688K
  class space    used 12742K, capacity 13706K, committed 13900K, reserved 1048576K
}
Event: 22.997 GC heap before
{Heap before GC invocations=44 (full 0):
 garbage-first heap   total 336896K, used 281789K [0x0000000080000000, 0x0000000100000000)
  region size 1024K, 167 young (171008K), 11 survivors (11264K)
 Metaspace       used 100130K, capacity 102690K, committed 103116K, reserved 1138688K
  class space    used 12750K, capacity 13741K, committed 14028K, reserved 1048576K
}
Event: 23.013 GC heap after
{Heap after GC invocations=45 (full 0):
 garbage-first heap   total 404480K, used 124945K [0x0000000080000000, 0x0000000100000000)
  region size 1024K, 12 young (12288K), 12 survivors (12288K)
 Metaspace       used 100130K, capacity 102690K, committed 103116K, reserved 1138688K
  class space    used 12750K, capacity 13741K, committed 14028K, reserved 1048576K
}
Event: 23.301 GC heap before
{Heap before GC invocations=45 (full 0):
 garbage-first heap   total 404480K, used 306193K [0x0000000080000000, 0x0000000100000000)
  region size 1024K, 189 young (193536K), 12 survivors (12288K)
 Metaspace       used 100174K, capacity 102710K, committed 103116K, reserved 1138688K
  class space    used 12753K, capacity 13748K, committed 14028K, reserved 1048576K
}
Event: 23.314 GC heap after
{Heap after GC invocations=46 (full 0):
 garbage-first heap   total 404480K, used 125969K [0x0000000080000000, 0x0000000100000000)
  region size 1024K, 13 young (13312K), 13 survivors (13312K)
 Metaspace       used 100174K, capacity 102710K, committed 103116K, reserved 1138688K
  class space    used 12753K, capacity 13748K, committed 14028K, reserved 1048576K
}
Event: 23.702 GC heap before
{Heap before GC invocations=46 (full 0):
 garbage-first heap   total 404480K, used 329745K [0x0000000080000000, 0x0000000100000000)
  region size 1024K, 212 young (217088K), 13 survivors (13312K)
 Metaspace       used 100645K, capacity 103272K, committed 103628K, reserved 1138688K
  class space    used 12811K, capacity 13838K, committed 14028K, reserved 1048576K
}
Event: 23.717 GC heap after
{Heap after GC invocations=47 (full 0):
 garbage-first heap   total 404480K, used 126269K [0x0000000080000000, 0x0000000100000000)
  region size 1024K, 13 young (13312K), 13 survivors (13312K)
 Metaspace       used 100645K, capacity 103272K, committed 103628K, reserved 1138688K
  class space    used 12811K, capacity 13838K, committed 14028K, reserved 1048576K
}
Event: 24.128 GC heap before
{Heap before GC invocations=47 (full 0):
 garbage-first heap   total 404480K, used 342333K [0x0000000080000000, 0x0000000100000000)
  region size 1024K, 224 young (229376K), 13 survivors (13312K)
 Metaspace       used 100676K, capacity 103338K, committed 103628K, reserved 1138688K
  class space    used 12813K, capacity 13838K, committed 14028K, reserved 1048576K
}
Event: 24.143 GC heap after
{Heap after GC invocations=48 (full 0):
 garbage-first heap   total 404480K, used 126263K [0x0000000080000000, 0x0000000100000000)
  region size 1024K, 14 young (14336K), 14 survivors (14336K)
 Metaspace       used 100676K, capacity 103338K, committed 103628K, reserved 1138688K
  class space    used 12813K, capacity 13838K, committed 14028K, reserved 1048576K
}
Event: 24.537 GC heap before
{Heap before GC invocations=48 (full 0):
 garbage-first heap   total 404480K, used 347447K [0x0000000080000000, 0x0000000100000000)
  region size 1024K, 230 young (235520K), 14 survivors (14336K)
 Metaspace       used 100696K, capacity 103339K, committed 103628K, reserved 1138688K
  class space    used 12813K, capacity 13838K, committed 14028K, reserved 1048576K
}
Event: 24.557 GC heap after
{Heap after GC invocations=49 (full 0):
 garbage-first heap   total 473088K, used 127902K [0x0000000080000000, 0x0000000100000000)
  region size 1024K, 15 young (15360K), 15 survivors (15360K)
 Metaspace       used 100696K, capacity 103339K, committed 103628K, reserved 1138688K
  class space    used 12813K, capacity 13838K, committed 14028K, reserved 1048576K
}
Event: 25.303 GC heap before
{Heap before GC invocations=49 (full 0):
 garbage-first heap   total 473088K, used 396190K [0x0000000080000000, 0x0000000100000000)
  region size 1024K, 277 young (283648K), 15 survivors (15360K)
 Metaspace       used 100759K, capacity 103418K, committed 103628K, reserved 1138688K
  class space    used 12813K, capacity 13839K, committed 14028K, reserved 1048576K
}
Event: 25.322 GC heap after
{Heap after GC invocations=50 (full 0):
 garbage-first heap   total 473088K, used 134501K [0x0000000080000000, 0x0000000100000000)
  region size 1024K, 22 young (22528K), 22 survivors (22528K)
 Metaspace       used 100759K, capacity 103418K, committed 103628K, reserved 1138688K
  class space    used 12813K, capacity 13839K, committed 14028K, reserved 1048576K
}
Event: 25.711 GC heap before
{Heap before GC invocations=50 (full 0):
 garbage-first heap   total 473088K, used 394597K [0x0000000080000000, 0x0000000100000000)
  region size 1024K, 277 young (283648K), 22 survivors (22528K)
 Metaspace       used 100808K, capacity 103431K, committed 103628K, reserved 1138688K
  class space    used 12814K, capacity 13840K, committed 14028K, reserved 1048576K
}
Event: 25.734 GC heap after
{Heap after GC invocations=51 (full 0):
 garbage-first heap   total 473088K, used 135459K [0x0000000080000000, 0x0000000100000000)
  region size 1024K, 20 young (20480K), 20 survivors (20480K)
 Metaspace       used 100808K, capacity 103431K, committed 103628K, reserved 1138688K
  class space    used 12814K, capacity 13840K, committed 14028K, reserved 1048576K
}
Event: 26.199 GC heap before
{Heap before GC invocations=51 (full 0):
 garbage-first heap   total 473088K, used 398627K [0x0000000080000000, 0x0000000100000000)
  region size 1024K, 277 young (283648K), 20 survivors (20480K)
 Metaspace       used 100834K, capacity 103500K, committed 103884K, reserved 1138688K
  class space    used 12814K, capacity 13840K, committed 14028K, reserved 1048576K
}
Event: 26.219 GC heap after
{Heap after GC invocations=52 (full 0):
 garbage-first heap   total 473088K, used 136953K [0x0000000080000000, 0x0000000100000000)
  region size 1024K, 20 young (20480K), 20 survivors (20480K)
 Metaspace       used 100834K, capacity 103500K, committed 103884K, reserved 1138688K
  class space    used 12814K, capacity 13840K, committed 14028K, reserved 1048576K
}
Event: 26.672 GC heap before
{Heap before GC invocations=52 (full 0):
 garbage-first heap   total 473088K, used 400121K [0x0000000080000000, 0x0000000100000000)
  region size 1024K, 277 young (283648K), 20 survivors (20480K)
 Metaspace       used 100964K, capacity 103596K, committed 103884K, reserved 1138688K
  class space    used 12814K, capacity 13840K, committed 14028K, reserved 1048576K
}

