# JRE version: OpenJDK Runtime Environment (11.0.10) (build 11.0.10+0-b96-7249189)
# Java VM: OpenJDK 64-Bit Server VM (11.0.10+0-b96-7249189, mixed mode, tiered, compressed oops, g1 gc, windows-amd64)
Heap:
 garbage-first heap   total 572416K, used 148728K [0x0000000080000000, 0x0000000100000000)
  region size 1024K, 19 young (19456K), 19 survivors (19456K)
 Metaspace       used 108398K, capacity 111332K, committed 111608K, reserved 1146880K
  class space    used 13719K, capacity 14845K, committed 14872K, reserved 1048576K
GC Heap History (20 events):
Event: 20.542 GC heap after
{Heap after GC invocations=37 (full 0):
 garbage-first heap   total 338944K, used 129030K [0x0000000080000000, 0x0000000100000000)
  region size 1024K, 8 young (8192K), 8 survivors (8192K)
 Metaspace       used 106112K, capacity 108908K, committed 109176K, reserved 1144832K
  class space    used 13591K, capacity 14655K, committed 14744K, reserved 1048576K
}
Event: 20.941 GC heap before
{Heap before GC invocations=37 (full 0):
 garbage-first heap   total 338944K, used 276486K [0x0000000080000000, 0x0000000100000000)
  region size 1024K, 152 young (155648K), 8 survivors (8192K)
 Metaspace       used 106368K, capacity 109208K, committed 109432K, reserved 1144832K
  class space    used 13599K, capacity 14687K, committed 14744K, reserved 1048576K
}
Event: 20.951 GC heap after
{Heap after GC invocations=38 (full 0):
 garbage-first heap   total 338944K, used 130217K [0x0000000080000000, 0x0000000100000000)
  region size 1024K, 9 young (9216K), 9 survivors (9216K)
 Metaspace       used 106368K, capacity 109208K, committed 109432K, reserved 1144832K
  class space    used 13599K, capacity 14687K, committed 14744K, reserved 1048576K
}
Event: 21.300 GC heap before
{Heap before GC invocations=38 (full 0):
 garbage-first heap   total 338944K, used 277673K [0x0000000080000000, 0x0000000100000000)
  region size 1024K, 153 young (156672K), 9 survivors (9216K)
 Metaspace       used 106907K, capacity 109741K, committed 110072K, reserved 1144832K
  class space    used 13639K, capacity 14733K, committed 14872K, reserved 1048576K
}
Event: 21.316 GC heap after
{Heap after GC invocations=39 (full 0):
 garbage-first heap   total 407552K, used 132265K [0x0000000080000000, 0x0000000100000000)
  region size 1024K, 11 young (11264K), 11 survivors (11264K)
 Metaspace       used 106907K, capacity 109741K, committed 110072K, reserved 1144832K
  class space    used 13639K, capacity 14733K, committed 14872K, reserved 1048576K
}
Event: 21.705 GC heap before
{Heap before GC invocations=39 (full 0):
 garbage-first heap   total 407552K, used 305321K [0x0000000080000000, 0x0000000100000000)
  region size 1024K, 180 young (184320K), 11 survivors (11264K)
 Metaspace       used 107220K, capacity 110048K, committed 110328K, reserved 1144832K
  class space    used 13645K, capacity 14739K, committed 14872K, reserved 1048576K
}
Event: 21.720 GC heap after
{Heap after GC invocations=40 (full 0):
 garbage-first heap   total 407552K, used 133289K [0x0000000080000000, 0x0000000100000000)
  region size 1024K, 12 young (12288K), 12 survivors (12288K)
 Metaspace       used 107220K, capacity 110048K, committed 110328K, reserved 1144832K
  class space    used 13645K, capacity 14739K, committed 14872K, reserved 1048576K
}
Event: 22.047 GC heap before
{Heap before GC invocations=40 (full 0):
 garbage-first heap   total 407552K, used 321705K [0x0000000080000000, 0x0000000100000000)
  region size 1024K, 196 young (200704K), 12 survivors (12288K)
 Metaspace       used 107350K, capacity 110131K, committed 110328K, reserved 1144832K
  class space    used 13650K, capacity 14743K, committed 14872K, reserved 1048576K
}
Event: 22.064 GC heap after
{Heap after GC invocations=41 (full 0):
 garbage-first heap   total 407552K, used 134122K [0x0000000080000000, 0x0000000100000000)
  region size 1024K, 13 young (13312K), 13 survivors (13312K)
 Metaspace       used 107350K, capacity 110131K, committed 110328K, reserved 1144832K
  class space    used 13650K, capacity 14743K, committed 14872K, reserved 1048576K
}
Event: 22.425 GC heap before
{Heap before GC invocations=41 (full 0):
 garbage-first heap   total 407552K, used 330730K [0x0000000080000000, 0x0000000100000000)
  region size 1024K, 205 young (209920K), 13 survivors (13312K)
 Metaspace       used 107799K, capacity 110727K, committed 110840K, reserved 1144832K
  class space    used 13705K, capacity 14828K, committed 14872K, reserved 1048576K
}
Event: 22.442 GC heap after
{Heap after GC invocations=42 (full 0):
 garbage-first heap   total 407552K, used 134908K [0x0000000080000000, 0x0000000100000000)
  region size 1024K, 14 young (14336K), 14 survivors (14336K)
 Metaspace       used 107799K, capacity 110727K, committed 110840K, reserved 1144832K
  class space    used 13705K, capacity 14828K, committed 14872K, reserved 1048576K
}
Event: 22.847 GC heap before
{Heap before GC invocations=42 (full 0):
 garbage-first heap   total 407552K, used 344828K [0x0000000080000000, 0x0000000100000000)
  region size 1024K, 219 young (224256K), 14 survivors (14336K)
 Metaspace       used 108079K, capacity 111001K, committed 111096K, reserved 1144832K
  class space    used 13712K, capacity 14839K, committed 14872K, reserved 1048576K
}
Event: 22.870 GC heap after
{Heap after GC invocations=43 (full 0):
 garbage-first heap   total 475136K, used 139751K [0x0000000080000000, 0x0000000100000000)
  region size 1024K, 19 young (19456K), 19 survivors (19456K)
 Metaspace       used 108079K, capacity 111001K, committed 111096K, reserved 1144832K
  class space    used 13712K, capacity 14839K, committed 14872K, reserved 1048576K
}
Event: 23.287 GC heap before
{Heap before GC invocations=43 (full 0):
 garbage-first heap   total 475136K, used 386535K [0x0000000080000000, 0x0000000100000000)
  region size 1024K, 260 young (266240K), 19 survivors (19456K)
 Metaspace       used 108185K, capacity 111147K, committed 111352K, reserved 1146880K
  class space    used 13713K, capacity 14840K, committed 14872K, reserved 1048576K
}
Event: 23.309 GC heap after
{Heap after GC invocations=44 (full 0):
 garbage-first heap   total 475136K, used 140249K [0x0000000080000000, 0x0000000100000000)
  region size 1024K, 18 young (18432K), 18 survivors (18432K)
 Metaspace       used 108185K, capacity 111147K, committed 111352K, reserved 1146880K
  class space    used 13713K, capacity 14840K, committed 14872K, reserved 1048576K
}
Event: 23.691 GC heap before
{Heap before GC invocations=44 (full 0):
 garbage-first heap   total 475136K, used 401369K [0x0000000080000000, 0x0000000100000000)
  region size 1024K, 274 young (280576K), 18 survivors (18432K)
 Metaspace       used 108300K, capacity 111244K, committed 111352K, reserved 1146880K
  class space    used 13713K, capacity 14840K, committed 14872K, reserved 1048576K
}
Event: 23.714 GC heap after
{Heap after GC invocations=45 (full 0):
 garbage-first heap   total 475136K, used 143531K [0x0000000080000000, 0x0000000100000000)
  region size 1024K, 21 young (21504K), 21 survivors (21504K)
 Metaspace       used 108300K, capacity 111244K, committed 111352K, reserved 1146880K
  class space    used 13713K, capacity 14840K, committed 14872K, reserved 1048576K
}
Event: 24.103 GC heap before
{Heap before GC invocations=45 (full 0):
 garbage-first heap   total 475136K, used 404651K [0x0000000080000000, 0x0000000100000000)
  region size 1024K, 276 young (282624K), 21 survivors (21504K)
 Metaspace       used 108325K, capacity 111249K, committed 111352K, reserved 1146880K
  class space    used 13715K, capacity 14842K, committed 14872K, reserved 1048576K
}
Event: 24.129 GC heap after
{Heap after GC invocations=46 (full 0):
 garbage-first heap   total 475136K, used 147388K [0x0000000080000000, 0x0000000100000000)
  region size 1024K, 22 young (22528K), 22 survivors (22528K)
 Metaspace       used 108325K, capacity 111249K, committed 111352K, reserved 1146880K
  class space    used 13715K, capacity 14842K, committed 14872K, reserved 1048576K
}
Event: 24.522 GC heap before
{Heap before GC invocations=46 (full 0):
 garbage-first heap   total 475136K, used 403388K [0x0000000080000000, 0x0000000100000000)
  region size 1024K, 272 young (278528K), 22 survivors (22528K)
 Metaspace       used 108398K, capacity 111332K, committed 111608K, reserved 1146880K
  class space    used 13719K, capacity 14845K, committed 14872K, reserved 1048576K
}

