# JRE version: OpenJDK Runtime Environment (11.0.10) (build 11.0.10+0-b96-7249189)
# Java VM: OpenJDK 64-Bit Server VM (11.0.10+0-b96-7249189, mixed mode, tiered, compressed oops, g1 gc, windows-amd64)
Heap:
 garbage-first heap   total 348160K, used 269217K [0x0000000080000000, 0x0000000100000000)
  region size 1024K, 63 young (64512K), 11 survivors (11264K)
 Metaspace       used 134435K, capacity 138004K, committed 138112K, reserved 1169408K
  class space    used 16919K, capacity 18325K, committed 18432K, reserved 1048576K
GC Heap History (20 events):
Event: 3537.229 GC heap before
{Heap before GC invocations=42 (full 0):
 garbage-first heap   total 227328K, used 122768K [0x0000000080000000, 0x0000000100000000)
  region size 1024K, 11 young (11264K), 1 survivors (1024K)
 Metaspace       used 116029K, capacity 118607K, committed 120320K, reserved 1153024K
  class space    used 14485K, capacity 15495K, committed 16000K, reserved 1048576K
}
Event: 3537.238 GC heap after
{Heap after GC invocations=43 (full 0):
 garbage-first heap   total 227328K, used 110569K [0x0000000080000000, 0x0000000100000000)
  region size 1024K, 1 young (1024K), 1 survivors (1024K)
 Metaspace       used 116029K, capacity 118607K, committed 120320K, reserved 1153024K
  class space    used 14485K, capacity 15495K, committed 16000K, reserved 1048576K
}
Event: 3537.674 GC heap before
{Heap before GC invocations=43 (full 0):
 garbage-first heap   total 227328K, used 173033K [0x0000000080000000, 0x0000000100000000)
  region size 1024K, 63 young (64512K), 1 survivors (1024K)
 Metaspace       used 117088K, capacity 119731K, committed 121088K, reserved 1155072K
  class space    used 14591K, capacity 15585K, committed 16000K, reserved 1048576K
}
Event: 3537.679 GC heap after
{Heap after GC invocations=44 (full 0):
 garbage-first heap   total 227328K, used 113868K [0x0000000080000000, 0x0000000100000000)
  region size 1024K, 4 young (4096K), 4 survivors (4096K)
 Metaspace       used 117088K, capacity 119731K, committed 121088K, reserved 1155072K
  class space    used 14591K, capacity 15585K, committed 16000K, reserved 1048576K
}
Event: 3538.072 GC heap before
{Heap before GC invocations=44 (full 0):
 garbage-first heap   total 227328K, used 177356K [0x0000000080000000, 0x0000000100000000)
  region size 1024K, 67 young (68608K), 4 survivors (4096K)
 Metaspace       used 119559K, capacity 122239K, committed 123648K, reserved 1157120K
  class space    used 14909K, capacity 15907K, committed 16256K, reserved 1048576K
}
Event: 3538.080 GC heap after
{Heap after GC invocations=45 (full 0):
 garbage-first heap   total 227328K, used 116461K [0x0000000080000000, 0x0000000100000000)
  region size 1024K, 7 young (7168K), 7 survivors (7168K)
 Metaspace       used 119559K, capacity 122239K, committed 123648K, reserved 1157120K
  class space    used 14909K, capacity 15907K, committed 16256K, reserved 1048576K
}
Event: 3538.429 GC heap before
{Heap before GC invocations=45 (full 0):
 garbage-first heap   total 227328K, used 179949K [0x0000000080000000, 0x0000000100000000)
  region size 1024K, 70 young (71680K), 7 survivors (7168K)
 Metaspace       used 122776K, capacity 125598K, committed 126720K, reserved 1159168K
  class space    used 15374K, capacity 16438K, committed 16768K, reserved 1048576K
}
Event: 3538.443 GC heap after
{Heap after GC invocations=46 (full 0):
 garbage-first heap   total 280576K, used 124466K [0x0000000080000000, 0x0000000100000000)
  region size 1024K, 9 young (9216K), 9 survivors (9216K)
 Metaspace       used 122776K, capacity 125598K, committed 126720K, reserved 1159168K
  class space    used 15374K, capacity 16438K, committed 16768K, reserved 1048576K
}
Event: 3539.018 GC heap before
{Heap before GC invocations=46 (full 0):
 garbage-first heap   total 280576K, used 210482K [0x0000000080000000, 0x0000000100000000)
  region size 1024K, 91 young (93184K), 9 survivors (9216K)
 Metaspace       used 128974K, capacity 132213K, committed 132224K, reserved 1163264K
  class space    used 16429K, capacity 17659K, committed 17664K, reserved 1048576K
}
Event: 3539.029 GC heap after
{Heap after GC invocations=47 (full 0):
 garbage-first heap   total 280576K, used 127944K [0x0000000080000000, 0x0000000100000000)
  region size 1024K, 6 young (6144K), 6 survivors (6144K)
 Metaspace       used 128974K, capacity 132213K, committed 132224K, reserved 1163264K
  class space    used 16429K, capacity 17659K, committed 17664K, reserved 1048576K
}
Event: 3539.528 GC heap before
{Heap before GC invocations=47 (full 0):
 garbage-first heap   total 280576K, used 211912K [0x0000000080000000, 0x0000000100000000)
  region size 1024K, 89 young (91136K), 6 survivors (6144K)
 Metaspace       used 130972K, capacity 134400K, committed 134656K, reserved 1165312K
  class space    used 16649K, capacity 17996K, committed 18048K, reserved 1048576K
}
Event: 3539.536 GC heap after
{Heap after GC invocations=48 (full 0):
 garbage-first heap   total 280576K, used 128221K [0x0000000080000000, 0x0000000100000000)
  region size 1024K, 6 young (6144K), 6 survivors (6144K)
 Metaspace       used 130972K, capacity 134400K, committed 134656K, reserved 1165312K
  class space    used 16649K, capacity 17996K, committed 18048K, reserved 1048576K
}
Event: 3540.224 GC heap before
{Heap before GC invocations=48 (full 0):
 garbage-first heap   total 280576K, used 220381K [0x0000000080000000, 0x0000000100000000)
  region size 1024K, 96 young (98304K), 6 survivors (6144K)
 Metaspace       used 131321K, capacity 134789K, committed 134912K, reserved 1167360K
  class space    used 16663K, capacity 18014K, committed 18048K, reserved 1048576K
}
Event: 3540.231 GC heap after
{Heap after GC invocations=49 (full 0):
 garbage-first heap   total 280576K, used 128565K [0x0000000080000000, 0x0000000100000000)
  region size 1024K, 6 young (6144K), 6 survivors (6144K)
 Metaspace       used 131321K, capacity 134789K, committed 134912K, reserved 1167360K
  class space    used 16663K, capacity 18014K, committed 18048K, reserved 1048576K
}
Event: 3541.040 GC heap before
{Heap before GC invocations=49 (full 0):
 garbage-first heap   total 280576K, used 223797K [0x0000000080000000, 0x0000000100000000)
  region size 1024K, 99 young (101376K), 6 survivors (6144K)
 Metaspace       used 131825K, capacity 135280K, committed 135424K, reserved 1167360K
  class space    used 16665K, capacity 18017K, committed 18048K, reserved 1048576K
}
Event: 3541.048 GC heap after
{Heap after GC invocations=50 (full 0):
 garbage-first heap   total 280576K, used 129405K [0x0000000080000000, 0x0000000100000000)
  region size 1024K, 7 young (7168K), 7 survivors (7168K)
 Metaspace       used 131825K, capacity 135280K, committed 135424K, reserved 1167360K
  class space    used 16665K, capacity 18017K, committed 18048K, reserved 1048576K
}
Event: 3541.768 GC heap before
{Heap before GC invocations=50 (full 0):
 garbage-first heap   total 280576K, used 242045K [0x0000000080000000, 0x0000000100000000)
  region size 1024K, 102 young (104448K), 7 survivors (7168K)
 Metaspace       used 132848K, capacity 136305K, committed 136576K, reserved 1167360K
  class space    used 16759K, capacity 18100K, committed 18176K, reserved 1048576K
}
Event: 3541.786 GC heap after
{Heap after GC invocations=51 (full 0):
 garbage-first heap   total 280576K, used 152499K [0x0000000080000000, 0x0000000100000000)
  region size 1024K, 13 young (13312K), 13 survivors (13312K)
 Metaspace       used 132848K, capacity 136305K, committed 136576K, reserved 1167360K
  class space    used 16759K, capacity 18100K, committed 18176K, reserved 1048576K
}
Event: 3542.129 GC heap before
{Heap before GC invocations=51 (full 0):
 garbage-first heap   total 280576K, used 227251K [0x0000000080000000, 0x0000000100000000)
  region size 1024K, 87 young (89088K), 13 survivors (13312K)
 Metaspace       used 133458K, capacity 136929K, committed 137216K, reserved 1169408K
  class space    used 16816K, capacity 18179K, committed 18304K, reserved 1048576K
}
Event: 3542.172 GC heap after
{Heap after GC invocations=52 (full 0):
 garbage-first heap   total 348160K, used 178914K [0x0000000080000000, 0x0000000100000000)
  region size 1024K, 11 young (11264K), 11 survivors (11264K)
 Metaspace       used 133458K, capacity 136929K, committed 137216K, reserved 1169408K
  class space    used 16816K, capacity 18179K, committed 18304K, reserved 1048576K
}

