# JRE version: OpenJDK Runtime Environment (11.0.10) (build 11.0.10+0-b96-7249189)
# Java VM: OpenJDK 64-Bit Server VM (11.0.10+0-b96-7249189, mixed mode, tiered, compressed oops, g1 gc, windows-amd64)
Heap:
 garbage-first heap   total 515072K, used 146865K [0x0000000080000000, 0x0000000100000000)
  region size 1024K, 16 young (16384K), 16 survivors (16384K)
 Metaspace       used 96615K, capacity 98937K, committed 100300K, reserved 1136640K
  class space    used 12531K, capacity 13437K, committed 14028K, reserved 1048576K
GC Heap History (20 events):
Event: 13.495 GC heap after
{Heap after GC invocations=38 (full 0):
 garbage-first heap   total 279552K, used 128155K [0x0000000080000000, 0x0000000100000000)
  region size 1024K, 1 young (1024K), 1 survivors (1024K)
 Metaspace       used 95737K, capacity 98141K, committed 99788K, reserved 1134592K
  class space    used 12478K, capacity 13378K, committed 14028K, reserved 1048576K
}
Event: 13.694 GC heap before
{Heap before GC invocations=38 (full 0):
 garbage-first heap   total 279552K, used 225435K [0x0000000080000000, 0x0000000100000000)
  region size 1024K, 96 young (98304K), 1 survivors (1024K)
 Metaspace       used 95960K, capacity 98299K, committed 99788K, reserved 1134592K
  class space    used 12480K, capacity 13381K, committed 14028K, reserved 1048576K
}
Event: 13.700 GC heap after
{Heap after GC invocations=39 (full 0):
 garbage-first heap   total 335872K, used 129585K [0x0000000080000000, 0x0000000100000000)
  region size 1024K, 2 young (2048K), 2 survivors (2048K)
 Metaspace       used 95960K, capacity 98299K, committed 99788K, reserved 1134592K
  class space    used 12480K, capacity 13381K, committed 14028K, reserved 1048576K
}
Event: 13.933 GC heap before
{Heap before GC invocations=39 (full 0):
 garbage-first heap   total 335872K, used 251441K [0x0000000080000000, 0x0000000100000000)
  region size 1024K, 121 young (123904K), 2 survivors (2048K)
 Metaspace       used 96104K, capacity 98440K, committed 100044K, reserved 1134592K
  class space    used 12483K, capacity 13382K, committed 14028K, reserved 1048576K
}
Event: 13.938 GC heap after
{Heap after GC invocations=40 (full 0):
 garbage-first heap   total 335872K, used 130959K [0x0000000080000000, 0x0000000100000000)
  region size 1024K, 4 young (4096K), 4 survivors (4096K)
 Metaspace       used 96104K, capacity 98440K, committed 100044K, reserved 1134592K
  class space    used 12483K, capacity 13382K, committed 14028K, reserved 1048576K
}
Event: 14.168 GC heap before
{Heap before GC invocations=40 (full 0):
 garbage-first heap   total 335872K, used 262031K [0x0000000080000000, 0x0000000100000000)
  region size 1024K, 132 young (135168K), 4 survivors (4096K)
 Metaspace       used 96337K, capacity 98706K, committed 100300K, reserved 1136640K
  class space    used 12515K, capacity 13427K, committed 14028K, reserved 1048576K
}
Event: 14.176 GC heap after
{Heap after GC invocations=41 (full 0):
 garbage-first heap   total 335872K, used 132358K [0x0000000080000000, 0x0000000100000000)
  region size 1024K, 5 young (5120K), 5 survivors (5120K)
 Metaspace       used 96337K, capacity 98706K, committed 100300K, reserved 1136640K
  class space    used 12515K, capacity 13427K, committed 14028K, reserved 1048576K
}
Event: 14.421 GC heap before
{Heap before GC invocations=41 (full 0):
 garbage-first heap   total 335872K, used 274694K [0x0000000080000000, 0x0000000100000000)
  region size 1024K, 144 young (147456K), 5 survivors (5120K)
 Metaspace       used 96506K, capacity 98858K, committed 100300K, reserved 1136640K
  class space    used 12528K, capacity 13433K, committed 14028K, reserved 1048576K
}
Event: 14.429 GC heap after
{Heap after GC invocations=42 (full 0):
 garbage-first heap   total 335872K, used 134023K [0x0000000080000000, 0x0000000100000000)
  region size 1024K, 7 young (7168K), 7 survivors (7168K)
 Metaspace       used 96506K, capacity 98858K, committed 100300K, reserved 1136640K
  class space    used 12528K, capacity 13433K, committed 14028K, reserved 1048576K
}
Event: 14.657 GC heap before
{Heap before GC invocations=42 (full 0):
 garbage-first heap   total 335872K, used 279431K [0x0000000080000000, 0x0000000100000000)
  region size 1024K, 149 young (152576K), 7 survivors (7168K)
 Metaspace       used 96524K, capacity 98858K, committed 100300K, reserved 1136640K
  class space    used 12528K, capacity 13433K, committed 14028K, reserved 1048576K
}
Event: 14.668 GC heap after
{Heap after GC invocations=43 (full 0):
 garbage-first heap   total 335872K, used 135421K [0x0000000080000000, 0x0000000100000000)
  region size 1024K, 8 young (8192K), 8 survivors (8192K)
 Metaspace       used 96524K, capacity 98858K, committed 100300K, reserved 1136640K
  class space    used 12528K, capacity 13433K, committed 14028K, reserved 1048576K
}
Event: 14.895 GC heap before
{Heap before GC invocations=43 (full 0):
 garbage-first heap   total 335872K, used 285949K [0x0000000080000000, 0x0000000100000000)
  region size 1024K, 155 young (158720K), 8 survivors (8192K)
 Metaspace       used 96560K, capacity 98923K, committed 100300K, reserved 1136640K
  class space    used 12528K, capacity 13433K, committed 14028K, reserved 1048576K
}
Event: 14.907 GC heap after
{Heap after GC invocations=44 (full 0):
 garbage-first heap   total 403456K, used 137137K [0x0000000080000000, 0x0000000100000000)
  region size 1024K, 10 young (10240K), 10 survivors (10240K)
 Metaspace       used 96560K, capacity 98923K, committed 100300K, reserved 1136640K
  class space    used 12528K, capacity 13433K, committed 14028K, reserved 1048576K
}
Event: 15.189 GC heap before
{Heap before GC invocations=44 (full 0):
 garbage-first heap   total 403456K, used 314289K [0x0000000080000000, 0x0000000100000000)
  region size 1024K, 183 young (187392K), 10 survivors (10240K)
 Metaspace       used 96565K, capacity 98923K, committed 100300K, reserved 1136640K
  class space    used 12528K, capacity 13433K, committed 14028K, reserved 1048576K
}
Event: 15.200 GC heap after
{Heap after GC invocations=45 (full 0):
 garbage-first heap   total 403456K, used 138839K [0x0000000080000000, 0x0000000100000000)
  region size 1024K, 11 young (11264K), 11 survivors (11264K)
 Metaspace       used 96565K, capacity 98923K, committed 100300K, reserved 1136640K
  class space    used 12528K, capacity 13433K, committed 14028K, reserved 1048576K
}
Event: 15.490 GC heap before
{Heap before GC invocations=45 (full 0):
 garbage-first heap   total 403456K, used 340567K [0x0000000080000000, 0x0000000100000000)
  region size 1024K, 208 young (212992K), 11 survivors (11264K)
 Metaspace       used 96581K, capacity 98925K, committed 100300K, reserved 1136640K
  class space    used 12528K, capacity 13433K, committed 14028K, reserved 1048576K
}
Event: 15.502 GC heap after
{Heap after GC invocations=46 (full 0):
 garbage-first heap   total 403456K, used 141645K [0x0000000080000000, 0x0000000100000000)
  region size 1024K, 14 young (14336K), 14 survivors (14336K)
 Metaspace       used 96581K, capacity 98925K, committed 100300K, reserved 1136640K
  class space    used 12528K, capacity 13433K, committed 14028K, reserved 1048576K
}
Event: 15.781 GC heap before
{Heap before GC invocations=46 (full 0):
 garbage-first heap   total 403456K, used 344397K [0x0000000080000000, 0x0000000100000000)
  region size 1024K, 212 young (217088K), 14 survivors (14336K)
 Metaspace       used 96599K, capacity 98937K, committed 100300K, reserved 1136640K
  class space    used 12531K, capacity 13437K, committed 14028K, reserved 1048576K
}
Event: 15.796 GC heap after
{Heap after GC invocations=47 (full 0):
 garbage-first heap   total 403456K, used 144269K [0x0000000080000000, 0x0000000100000000)
  region size 1024K, 17 young (17408K), 17 survivors (17408K)
 Metaspace       used 96599K, capacity 98937K, committed 100300K, reserved 1136640K
  class space    used 12531K, capacity 13437K, committed 14028K, reserved 1048576K
}
Event: 16.078 GC heap before
{Heap before GC invocations=47 (full 0):
 garbage-first heap   total 403456K, used 343949K [0x0000000080000000, 0x0000000100000000)
  region size 1024K, 212 young (217088K), 17 survivors (17408K)
 Metaspace       used 96615K, capacity 98937K, committed 100300K, reserved 1136640K
  class space    used 12531K, capacity 13437K, committed 14028K, reserved 1048576K
}

